[2020-10-08 11:22:56,303] [autoreload.py:597] [autoreload:run_with_reloader] [INFO]- Watching for file changes with StatReloader
[2020-10-08 11:22:58,895] [basehttp.py:154] [basehttp:log_message] [INFO]- "GET / HTTP/1.1" 200 11179
[2020-10-08 11:22:58,926] [log.py:228] [log:log_response] [WARNING]- Not Found: /static/rest_framework/css/bootstrap-tweaks.css
[2020-10-08 11:22:58,927] [log.py:228] [log:log_response] [WARNING]- Not Found: /static/rest_framework/css/bootstrap.min.css
[2020-10-08 11:22:58,929] [log.py:228] [log:log_response] [WARNING]- Not Found: /static/rest_framework/css/prettify.css
[2020-10-08 11:22:58,931] [basehttp.py:154] [basehttp:log_message] [WARNING]- "GET /static/rest_framework/css/bootstrap-tweaks.css HTTP/1.1" 404 77
[2020-10-08 11:22:58,931] [log.py:228] [log:log_response] [WARNING]- Not Found: /static/rest_framework/css/default.css
[2020-10-08 11:22:58,932] [basehttp.py:154] [basehttp:log_message] [WARNING]- "GET /static/rest_framework/css/bootstrap.min.css HTTP/1.1" 404 77
[2020-10-08 11:22:58,932] [basehttp.py:154] [basehttp:log_message] [WARNING]- "GET /static/rest_framework/css/prettify.css HTTP/1.1" 404 77
[2020-10-08 11:22:58,933] [basehttp.py:154] [basehttp:log_message] [WARNING]- "GET /static/rest_framework/css/default.css HTTP/1.1" 404 77
[2020-10-08 11:22:58,936] [log.py:228] [log:log_response] [WARNING]- Not Found: /static/rest_framework/js/jquery-3.4.1.min.js
[2020-10-08 11:22:58,938] [log.py:228] [log:log_response] [WARNING]- Not Found: /static/rest_framework/js/ajax-form.js
[2020-10-08 11:22:58,939] [log.py:228] [log:log_response] [WARNING]- Not Found: /static/rest_framework/js/prettify-min.js
[2020-10-08 11:22:58,942] [log.py:228] [log:log_response] [WARNING]- Not Found: /static/rest_framework/js/default.js
[2020-10-08 11:22:58,944] [log.py:228] [log:log_response] [WARNING]- Not Found: /static/rest_framework/js/csrf.js
[2020-10-08 11:22:58,949] [log.py:228] [log:log_response] [WARNING]- Not Found: /static/rest_framework/js/bootstrap.min.js
[2020-10-08 11:22:58,950] [basehttp.py:154] [basehttp:log_message] [WARNING]- "GET /static/rest_framework/js/jquery-3.4.1.min.js HTTP/1.1" 404 77
[2020-10-08 11:22:58,951] [basehttp.py:154] [basehttp:log_message] [WARNING]- "GET /static/rest_framework/js/ajax-form.js HTTP/1.1" 404 77
[2020-10-08 11:22:58,951] [basehttp.py:154] [basehttp:log_message] [WARNING]- "GET /static/rest_framework/js/prettify-min.js HTTP/1.1" 404 77
[2020-10-08 11:22:58,952] [basehttp.py:154] [basehttp:log_message] [WARNING]- "GET /static/rest_framework/js/csrf.js HTTP/1.1" 404 77
[2020-10-08 11:22:58,952] [basehttp.py:154] [basehttp:log_message] [WARNING]- "GET /static/rest_framework/js/default.js HTTP/1.1" 404 77
[2020-10-08 11:22:58,952] [basehttp.py:154] [basehttp:log_message] [WARNING]- "GET /static/rest_framework/js/bootstrap.min.js HTTP/1.1" 404 77
[2020-10-08 11:22:59,098] [log.py:228] [log:log_response] [WARNING]- Not Found: /static/rest_framework/js/jquery-3.4.1.min.js
[2020-10-08 11:22:59,099] [basehttp.py:154] [basehttp:log_message] [WARNING]- "GET /static/rest_framework/js/jquery-3.4.1.min.js HTTP/1.1" 404 77
[2020-10-08 11:22:59,122] [log.py:228] [log:log_response] [WARNING]- Not Found: /static/rest_framework/js/ajax-form.js
[2020-10-08 11:22:59,123] [basehttp.py:154] [basehttp:log_message] [WARNING]- "GET /static/rest_framework/js/ajax-form.js HTTP/1.1" 404 77
[2020-10-08 11:22:59,137] [log.py:228] [log:log_response] [WARNING]- Not Found: /static/rest_framework/js/csrf.js
[2020-10-08 11:22:59,138] [basehttp.py:154] [basehttp:log_message] [WARNING]- "GET /static/rest_framework/js/csrf.js HTTP/1.1" 404 77
[2020-10-08 11:22:59,147] [log.py:228] [log:log_response] [WARNING]- Not Found: /static/rest_framework/js/bootstrap.min.js
[2020-10-08 11:22:59,148] [basehttp.py:154] [basehttp:log_message] [WARNING]- "GET /static/rest_framework/js/bootstrap.min.js HTTP/1.1" 404 77
[2020-10-08 11:22:59,156] [log.py:228] [log:log_response] [WARNING]- Not Found: /static/rest_framework/js/prettify-min.js
[2020-10-08 11:22:59,157] [basehttp.py:154] [basehttp:log_message] [WARNING]- "GET /static/rest_framework/js/prettify-min.js HTTP/1.1" 404 77
[2020-10-08 11:22:59,166] [log.py:228] [log:log_response] [WARNING]- Not Found: /static/rest_framework/js/default.js
[2020-10-08 11:22:59,167] [basehttp.py:154] [basehttp:log_message] [WARNING]- "GET /static/rest_framework/js/default.js HTTP/1.1" 404 77
[2020-10-08 11:22:59,218] [log.py:228] [log:log_response] [WARNING]- Not Found: /favicon.ico
[2020-10-08 11:22:59,219] [basehttp.py:154] [basehttp:log_message] [WARNING]- "GET /favicon.ico HTTP/1.1" 404 77
[2020-10-08 11:23:03,406] [log.py:228] [log:log_response] [ERROR]- Internal Server Error: /posts/
Traceback (most recent call last):
  File "F:\Code\black\venv\lib\site-packages\django\core\handlers\exception.py", line 34, in inner
    response = get_response(request)
  File "F:\Code\black\venv\lib\site-packages\django\core\handlers\base.py", line 115, in _get_response
    response = self.process_exception_by_middleware(e, request)
  File "F:\Code\black\venv\lib\site-packages\django\core\handlers\base.py", line 113, in _get_response
    response = wrapped_callback(request, *callback_args, **callback_kwargs)
  File "F:\Code\black\venv\lib\site-packages\django\views\decorators\csrf.py", line 54, in wrapped_view
    return view_func(*args, **kwargs)
  File "F:\Code\black\venv\lib\site-packages\rest_framework\viewsets.py", line 114, in view
    return self.dispatch(request, *args, **kwargs)
  File "F:\Code\black\venv\lib\site-packages\rest_framework\views.py", line 505, in dispatch
    response = self.handle_exception(exc)
  File "F:\Code\black\venv\lib\site-packages\rest_framework\views.py", line 465, in handle_exception
    self.raise_uncaught_exception(exc)
  File "F:\Code\black\venv\lib\site-packages\rest_framework\views.py", line 476, in raise_uncaught_exception
    raise exc
  File "F:\Code\black\venv\lib\site-packages\rest_framework\views.py", line 502, in dispatch
    response = handler(request, *args, **kwargs)
  File "F:\Code\black\venv\lib\site-packages\rest_framework\mixins.py", line 43, in list
    return self.get_paginated_response(serializer.data)
  File "F:\Code\black\venv\lib\site-packages\rest_framework\serializers.py", line 760, in data
    ret = super().data
  File "F:\Code\black\venv\lib\site-packages\rest_framework\serializers.py", line 260, in data
    self._data = self.to_representation(self.instance)
  File "F:\Code\black\venv\lib\site-packages\rest_framework\serializers.py", line 678, in to_representation
    self.child.to_representation(item) for item in iterable
  File "F:\Code\black\venv\lib\site-packages\rest_framework\serializers.py", line 678, in <listcomp>
    self.child.to_representation(item) for item in iterable
  File "F:\Code\black\venv\lib\site-packages\rest_framework\serializers.py", line 529, in to_representation
    ret[field.field_name] = field.to_representation(attribute)
  File "F:\Code\black\venv\lib\site-packages\rest_framework\fields.py", line 1583, in to_representation
    url = value.url
  File "F:\Code\black\venv\lib\site-packages\django\db\models\fields\files.py", line 62, in url
    return self.storage.url(self.name)
  File "F:\Code\black\venv\lib\site-packages\django\utils\functional.py", line 256, in inner
    self._setup()
  File "F:\Code\black\venv\lib\site-packages\django\core\files\storage.py", line 363, in _setup
    self._wrapped = get_storage_class()()
  File "F:\Code\black\venv\lib\site-packages\django\core\files\storage.py", line 358, in get_storage_class
    return import_string(import_path or settings.DEFAULT_FILE_STORAGE)
  File "F:\Code\black\venv\lib\site-packages\django\utils\module_loading.py", line 17, in import_string
    module = import_module(module_path)
  File "D:\Users\86185\AppData\Local\Programs\Python\Python36\lib\importlib\__init__.py", line 126, in import_module
    return _bootstrap._gcd_import(name[level:], package, level)
  File "<frozen importlib._bootstrap>", line 994, in _gcd_import
  File "<frozen importlib._bootstrap>", line 971, in _find_and_load
  File "<frozen importlib._bootstrap>", line 955, in _find_and_load_unlocked
  File "<frozen importlib._bootstrap>", line 665, in _load_unlocked
  File "<frozen importlib._bootstrap_external>", line 678, in exec_module
  File "<frozen importlib._bootstrap>", line 219, in _call_with_frames_removed
  File "F:\online\blog-api\apps\utils\fastdfs\fdfs_storage.py", line 4, in <module>
    from fdfs_client.client import Fdfs_client, get_tracker_conf
ModuleNotFoundError: No module named 'fdfs_client'
[2020-10-08 11:23:03,472] [basehttp.py:154] [basehttp:log_message] [ERROR]- "GET /posts/ HTTP/1.1" 500 27
[2020-10-08 11:23:50,557] [autoreload.py:597] [autoreload:run_with_reloader] [INFO]- Watching for file changes with StatReloader
[2020-10-08 11:23:54,474] [basehttp.py:154] [basehttp:log_message] [INFO]- "GET / HTTP/1.1" 200 11179
[2020-10-08 11:23:56,580] [log.py:228] [log:log_response] [ERROR]- Internal Server Error: /siteinfo/
Traceback (most recent call last):
  File "F:\Code\black\venv\lib\site-packages\django\core\handlers\exception.py", line 34, in inner
    response = get_response(request)
  File "F:\Code\black\venv\lib\site-packages\django\core\handlers\base.py", line 115, in _get_response
    response = self.process_exception_by_middleware(e, request)
  File "F:\Code\black\venv\lib\site-packages\django\core\handlers\base.py", line 113, in _get_response
    response = wrapped_callback(request, *callback_args, **callback_kwargs)
  File "F:\Code\black\venv\lib\site-packages\django\views\decorators\csrf.py", line 54, in wrapped_view
    return view_func(*args, **kwargs)
  File "F:\Code\black\venv\lib\site-packages\rest_framework\viewsets.py", line 114, in view
    return self.dispatch(request, *args, **kwargs)
  File "F:\Code\black\venv\lib\site-packages\rest_framework\views.py", line 505, in dispatch
    response = self.handle_exception(exc)
  File "F:\Code\black\venv\lib\site-packages\rest_framework\views.py", line 465, in handle_exception
    self.raise_uncaught_exception(exc)
  File "F:\Code\black\venv\lib\site-packages\rest_framework\views.py", line 476, in raise_uncaught_exception
    raise exc
  File "F:\Code\black\venv\lib\site-packages\rest_framework\views.py", line 502, in dispatch
    response = handler(request, *args, **kwargs)
  File "F:\Code\black\venv\lib\site-packages\rest_framework\mixins.py", line 46, in list
    return Response(serializer.data)
  File "F:\Code\black\venv\lib\site-packages\rest_framework\serializers.py", line 760, in data
    ret = super().data
  File "F:\Code\black\venv\lib\site-packages\rest_framework\serializers.py", line 260, in data
    self._data = self.to_representation(self.instance)
  File "F:\Code\black\venv\lib\site-packages\rest_framework\serializers.py", line 678, in to_representation
    self.child.to_representation(item) for item in iterable
  File "F:\Code\black\venv\lib\site-packages\rest_framework\serializers.py", line 678, in <listcomp>
    self.child.to_representation(item) for item in iterable
  File "F:\Code\black\venv\lib\site-packages\rest_framework\serializers.py", line 529, in to_representation
    ret[field.field_name] = field.to_representation(attribute)
  File "F:\Code\black\venv\lib\site-packages\rest_framework\serializers.py", line 678, in to_representation
    self.child.to_representation(item) for item in iterable
  File "F:\Code\black\venv\lib\site-packages\rest_framework\serializers.py", line 678, in <listcomp>
    self.child.to_representation(item) for item in iterable
  File "F:\Code\black\venv\lib\site-packages\rest_framework\serializers.py", line 529, in to_representation
    ret[field.field_name] = field.to_representation(attribute)
  File "F:\Code\black\venv\lib\site-packages\rest_framework\fields.py", line 1583, in to_representation
    url = value.url
  File "F:\Code\black\venv\lib\site-packages\django\db\models\fields\files.py", line 62, in url
    return self.storage.url(self.name)
  File "F:\Code\black\venv\lib\site-packages\django\utils\functional.py", line 256, in inner
    self._setup()
  File "F:\Code\black\venv\lib\site-packages\django\core\files\storage.py", line 363, in _setup
    self._wrapped = get_storage_class()()
  File "F:\Code\black\venv\lib\site-packages\django\core\files\storage.py", line 358, in get_storage_class
    return import_string(import_path or settings.DEFAULT_FILE_STORAGE)
  File "F:\Code\black\venv\lib\site-packages\django\utils\module_loading.py", line 17, in import_string
    module = import_module(module_path)
  File "D:\Users\86185\AppData\Local\Programs\Python\Python36\lib\importlib\__init__.py", line 126, in import_module
    return _bootstrap._gcd_import(name[level:], package, level)
  File "<frozen importlib._bootstrap>", line 994, in _gcd_import
  File "<frozen importlib._bootstrap>", line 971, in _find_and_load
  File "<frozen importlib._bootstrap>", line 955, in _find_and_load_unlocked
  File "<frozen importlib._bootstrap>", line 665, in _load_unlocked
  File "<frozen importlib._bootstrap_external>", line 678, in exec_module
  File "<frozen importlib._bootstrap>", line 219, in _call_with_frames_removed
  File "F:\online\blog-api\apps\utils\fastdfs\fdfs_storage.py", line 4, in <module>
    from fdfs_client.client import Fdfs_client, get_tracker_conf
ModuleNotFoundError: No module named 'fdfs_client'
[2020-10-08 11:23:56,587] [basehttp.py:154] [basehttp:log_message] [ERROR]- "GET /siteinfo/ HTTP/1.1" 500 27
[2020-10-08 11:26:41,588] [basehttp.py:154] [basehttp:log_message] [INFO]- "GET /siteinfo/ HTTP/1.1" 200 19355
[2020-10-08 11:26:41,614] [log.py:228] [log:log_response] [WARNING]- Not Found: /static/rest_framework/css/bootstrap-tweaks.css
[2020-10-08 11:26:41,615] [log.py:228] [log:log_response] [WARNING]- Not Found: /static/rest_framework/css/bootstrap.min.css
[2020-10-08 11:26:41,616] [log.py:228] [log:log_response] [WARNING]- Not Found: /static/rest_framework/css/default.css
[2020-10-08 11:26:41,616] [log.py:228] [log:log_response] [WARNING]- Not Found: /static/rest_framework/css/prettify.css
[2020-10-08 11:26:41,617] [basehttp.py:154] [basehttp:log_message] [WARNING]- "GET /static/rest_framework/css/bootstrap.min.css HTTP/1.1" 404 77
[2020-10-08 11:26:41,617] [basehttp.py:154] [basehttp:log_message] [WARNING]- "GET /static/rest_framework/css/bootstrap-tweaks.css HTTP/1.1" 404 77
[2020-10-08 11:26:41,617] [basehttp.py:154] [basehttp:log_message] [WARNING]- "GET /static/rest_framework/css/prettify.css HTTP/1.1" 404 77
[2020-10-08 11:26:41,618] [basehttp.py:154] [basehttp:log_message] [WARNING]- "GET /static/rest_framework/css/default.css HTTP/1.1" 404 77
[2020-10-08 11:26:41,625] [log.py:228] [log:log_response] [WARNING]- Not Found: /static/rest_framework/js/jquery-3.4.1.min.js
[2020-10-08 11:26:41,626] [log.py:228] [log:log_response] [WARNING]- Not Found: /static/rest_framework/js/csrf.js
[2020-10-08 11:26:41,627] [log.py:228] [log:log_response] [WARNING]- Not Found: /static/rest_framework/js/bootstrap.min.js
[2020-10-08 11:26:41,628] [log.py:228] [log:log_response] [WARNING]- Not Found: /static/rest_framework/js/ajax-form.js
[2020-10-08 11:26:41,630] [log.py:228] [log:log_response] [WARNING]- Not Found: /static/rest_framework/js/prettify-min.js
[2020-10-08 11:26:41,633] [log.py:228] [log:log_response] [WARNING]- Not Found: /static/rest_framework/js/default.js
[2020-10-08 11:26:41,633] [basehttp.py:154] [basehttp:log_message] [WARNING]- "GET /static/rest_framework/js/jquery-3.4.1.min.js HTTP/1.1" 404 77
[2020-10-08 11:26:41,634] [basehttp.py:154] [basehttp:log_message] [WARNING]- "GET /static/rest_framework/js/csrf.js HTTP/1.1" 404 77
[2020-10-08 11:26:41,634] [basehttp.py:154] [basehttp:log_message] [WARNING]- "GET /static/rest_framework/js/ajax-form.js HTTP/1.1" 404 77
[2020-10-08 11:26:41,634] [basehttp.py:154] [basehttp:log_message] [WARNING]- "GET /static/rest_framework/js/bootstrap.min.js HTTP/1.1" 404 77
[2020-10-08 11:26:41,635] [basehttp.py:154] [basehttp:log_message] [WARNING]- "GET /static/rest_framework/js/prettify-min.js HTTP/1.1" 404 77
[2020-10-08 11:26:41,636] [basehttp.py:154] [basehttp:log_message] [WARNING]- "GET /static/rest_framework/js/default.js HTTP/1.1" 404 77
[2020-10-08 11:26:41,717] [log.py:228] [log:log_response] [WARNING]- Not Found: /static/rest_framework/js/jquery-3.4.1.min.js
[2020-10-08 11:26:41,717] [basehttp.py:154] [basehttp:log_message] [WARNING]- "GET /static/rest_framework/js/jquery-3.4.1.min.js HTTP/1.1" 404 77
[2020-10-08 11:26:41,723] [log.py:228] [log:log_response] [WARNING]- Not Found: /static/rest_framework/js/ajax-form.js
[2020-10-08 11:26:41,724] [basehttp.py:154] [basehttp:log_message] [WARNING]- "GET /static/rest_framework/js/ajax-form.js HTTP/1.1" 404 77
[2020-10-08 11:26:41,728] [log.py:228] [log:log_response] [WARNING]- Not Found: /static/rest_framework/js/csrf.js
[2020-10-08 11:26:41,729] [basehttp.py:154] [basehttp:log_message] [WARNING]- "GET /static/rest_framework/js/csrf.js HTTP/1.1" 404 77
[2020-10-08 11:26:41,733] [log.py:228] [log:log_response] [WARNING]- Not Found: /static/rest_framework/js/bootstrap.min.js
[2020-10-08 11:26:41,734] [basehttp.py:154] [basehttp:log_message] [WARNING]- "GET /static/rest_framework/js/bootstrap.min.js HTTP/1.1" 404 77
[2020-10-08 11:26:41,738] [log.py:228] [log:log_response] [WARNING]- Not Found: /static/rest_framework/js/prettify-min.js
[2020-10-08 11:26:41,739] [basehttp.py:154] [basehttp:log_message] [WARNING]- "GET /static/rest_framework/js/prettify-min.js HTTP/1.1" 404 77
[2020-10-08 11:26:41,745] [log.py:228] [log:log_response] [WARNING]- Not Found: /static/rest_framework/js/default.js
[2020-10-08 11:26:41,746] [basehttp.py:154] [basehttp:log_message] [WARNING]- "GET /static/rest_framework/js/default.js HTTP/1.1" 404 77
[2020-10-08 11:29:21,114] [autoreload.py:217] [autoreload:trigger_reload] [INFO]- F:\online\blog-api\apps\contents\models.py changed, reloading.
[2020-10-08 11:29:22,586] [autoreload.py:597] [autoreload:run_with_reloader] [INFO]- Watching for file changes with StatReloader
[2020-10-08 11:32:28,496] [autoreload.py:217] [autoreload:trigger_reload] [INFO]- F:\online\blog-api\blogapi\settings.py changed, reloading.
[2020-10-08 11:32:29,951] [autoreload.py:597] [autoreload:run_with_reloader] [INFO]- Watching for file changes with StatReloader
[2020-10-08 11:33:21,256] [autoreload.py:217] [autoreload:trigger_reload] [INFO]- F:\online\blog-api\blogapi\settings.py changed, reloading.
[2020-10-08 11:33:22,670] [autoreload.py:597] [autoreload:run_with_reloader] [INFO]- Watching for file changes with StatReloader
[2020-10-08 11:37:12,557] [autoreload.py:217] [autoreload:trigger_reload] [INFO]- F:\online\blog-api\blogapi\settings.py changed, reloading.
[2020-10-08 11:37:13,983] [autoreload.py:597] [autoreload:run_with_reloader] [INFO]- Watching for file changes with StatReloader
[2020-10-08 11:42:25,959] [basehttp.py:154] [basehttp:log_message] [INFO]- "GET / HTTP/1.1" 200 11179
[2020-10-08 11:42:26,002] [log.py:228] [log:log_response] [WARNING]- Not Found: /static/rest_framework/css/bootstrap-tweaks.css
[2020-10-08 11:42:26,002] [log.py:228] [log:log_response] [WARNING]- Not Found: /static/rest_framework/css/bootstrap.min.css
[2020-10-08 11:42:26,003] [log.py:228] [log:log_response] [WARNING]- Not Found: /static/rest_framework/css/prettify.css
[2020-10-08 11:42:26,004] [basehttp.py:154] [basehttp:log_message] [WARNING]- "GET /static/rest_framework/css/bootstrap-tweaks.css HTTP/1.1" 404 77
[2020-10-08 11:42:26,005] [log.py:228] [log:log_response] [WARNING]- Not Found: /static/rest_framework/css/default.css
[2020-10-08 11:42:26,005] [basehttp.py:154] [basehttp:log_message] [WARNING]- "GET /static/rest_framework/css/prettify.css HTTP/1.1" 404 77
[2020-10-08 11:42:26,005] [basehttp.py:154] [basehttp:log_message] [WARNING]- "GET /static/rest_framework/css/bootstrap.min.css HTTP/1.1" 404 77
[2020-10-08 11:42:26,006] [basehttp.py:154] [basehttp:log_message] [WARNING]- "GET /static/rest_framework/css/default.css HTTP/1.1" 404 77
[2020-10-08 11:42:26,051] [log.py:228] [log:log_response] [WARNING]- Not Found: /static/rest_framework/js/jquery-3.4.1.min.js
[2020-10-08 11:42:26,053] [log.py:228] [log:log_response] [WARNING]- Not Found: /static/rest_framework/js/ajax-form.js
[2020-10-08 11:42:26,054] [log.py:228] [log:log_response] [WARNING]- Not Found: /static/rest_framework/js/bootstrap.min.js
[2020-10-08 11:42:26,055] [log.py:228] [log:log_response] [WARNING]- Not Found: /static/rest_framework/js/csrf.js
[2020-10-08 11:42:26,057] [log.py:228] [log:log_response] [WARNING]- Not Found: /static/rest_framework/js/prettify-min.js
[2020-10-08 11:42:26,060] [log.py:228] [log:log_response] [WARNING]- Not Found: /static/rest_framework/js/default.js
[2020-10-08 11:42:26,061] [basehttp.py:154] [basehttp:log_message] [WARNING]- "GET /static/rest_framework/js/jquery-3.4.1.min.js HTTP/1.1" 404 77
[2020-10-08 11:42:26,061] [basehttp.py:154] [basehttp:log_message] [WARNING]- "GET /static/rest_framework/js/ajax-form.js HTTP/1.1" 404 77
[2020-10-08 11:42:26,061] [basehttp.py:154] [basehttp:log_message] [WARNING]- "GET /static/rest_framework/js/bootstrap.min.js HTTP/1.1" 404 77
[2020-10-08 11:42:26,062] [basehttp.py:154] [basehttp:log_message] [WARNING]- "GET /static/rest_framework/js/csrf.js HTTP/1.1" 404 77
[2020-10-08 11:42:26,063] [basehttp.py:154] [basehttp:log_message] [WARNING]- "GET /static/rest_framework/js/prettify-min.js HTTP/1.1" 404 77
[2020-10-08 11:42:26,063] [basehttp.py:154] [basehttp:log_message] [WARNING]- "GET /static/rest_framework/js/default.js HTTP/1.1" 404 77
[2020-10-08 11:42:26,132] [log.py:228] [log:log_response] [WARNING]- Not Found: /static/rest_framework/js/bootstrap.min.js
[2020-10-08 11:42:26,132] [basehttp.py:154] [basehttp:log_message] [WARNING]- "GET /static/rest_framework/js/bootstrap.min.js HTTP/1.1" 404 77
[2020-10-08 11:42:26,137] [log.py:228] [log:log_response] [WARNING]- Not Found: /static/rest_framework/js/prettify-min.js
[2020-10-08 11:42:26,137] [basehttp.py:154] [basehttp:log_message] [WARNING]- "GET /static/rest_framework/js/prettify-min.js HTTP/1.1" 404 77
[2020-10-08 11:42:26,141] [log.py:228] [log:log_response] [WARNING]- Not Found: /static/rest_framework/js/default.js
[2020-10-08 11:42:26,142] [basehttp.py:154] [basehttp:log_message] [WARNING]- "GET /static/rest_framework/js/default.js HTTP/1.1" 404 77
[2020-10-08 11:42:29,917] [basehttp.py:154] [basehttp:log_message] [INFO]- "GET /admin HTTP/1.1" 301 0
[2020-10-08 11:42:29,966] [basehttp.py:154] [basehttp:log_message] [INFO]- "GET /admin/ HTTP/1.1" 302 0
[2020-10-08 11:42:30,154] [basehttp.py:154] [basehttp:log_message] [INFO]- "GET /admin/login/?next=/admin/ HTTP/1.1" 200 1821
[2020-10-08 11:42:30,177] [log.py:228] [log:log_response] [WARNING]- Not Found: /static/admin/css/base.css
[2020-10-08 11:42:30,179] [log.py:228] [log:log_response] [WARNING]- Not Found: /static/admin/css/login.css
[2020-10-08 11:42:30,180] [log.py:228] [log:log_response] [WARNING]- Not Found: /static/admin/css/responsive.css
[2020-10-08 11:42:30,181] [basehttp.py:154] [basehttp:log_message] [WARNING]- "GET /static/admin/css/base.css HTTP/1.1" 404 77
[2020-10-08 11:42:30,182] [basehttp.py:154] [basehttp:log_message] [WARNING]- "GET /static/admin/css/login.css HTTP/1.1" 404 77
[2020-10-08 11:42:30,182] [basehttp.py:154] [basehttp:log_message] [WARNING]- "GET /static/admin/css/responsive.css HTTP/1.1" 404 77
[2020-10-08 11:42:32,708] [basehttp.py:154] [basehttp:log_message] [INFO]- "POST /admin/login/?next=/admin/ HTTP/1.1" 302 0
[2020-10-08 11:42:33,183] [basehttp.py:154] [basehttp:log_message] [INFO]- "GET /admin/ HTTP/1.1" 200 12990
[2020-10-08 11:42:33,208] [log.py:228] [log:log_response] [WARNING]- Not Found: /static/admin/css/dashboard.css
[2020-10-08 11:42:33,209] [log.py:228] [log:log_response] [WARNING]- Not Found: /static/admin/css/base.css
[2020-10-08 11:42:33,211] [log.py:228] [log:log_response] [WARNING]- Not Found: /static/admin/css/responsive.css
[2020-10-08 11:42:33,211] [basehttp.py:154] [basehttp:log_message] [WARNING]- "GET /static/admin/css/dashboard.css HTTP/1.1" 404 77
[2020-10-08 11:42:33,212] [basehttp.py:154] [basehttp:log_message] [WARNING]- "GET /static/admin/css/base.css HTTP/1.1" 404 77
[2020-10-08 11:42:33,212] [basehttp.py:154] [basehttp:log_message] [WARNING]- "GET /static/admin/css/responsive.css HTTP/1.1" 404 77
[2020-10-08 11:42:49,136] [autoreload.py:217] [autoreload:trigger_reload] [INFO]- F:\online\blog-api\blogapi\settings.py changed, reloading.
[2020-10-08 11:42:50,611] [autoreload.py:597] [autoreload:run_with_reloader] [INFO]- Watching for file changes with StatReloader
[2020-10-08 11:42:53,653] [basehttp.py:154] [basehttp:log_message] [INFO]- "GET /admin/ HTTP/1.1" 200 12990
[2020-10-08 11:42:53,698] [basehttp.py:154] [basehttp:log_message] [INFO]- "GET /static/admin/css/dashboard.css HTTP/1.1" 200 412
[2020-10-08 11:42:53,698] [basehttp.py:154] [basehttp:log_message] [INFO]- "GET /static/admin/css/base.css HTTP/1.1" 200 16378
[2020-10-08 11:42:53,698] [basehttp.py:154] [basehttp:log_message] [INFO]- "GET /static/admin/css/responsive.css HTTP/1.1" 200 17944
[2020-10-08 11:42:53,727] [basehttp.py:154] [basehttp:log_message] [INFO]- "GET /static/admin/css/fonts.css HTTP/1.1" 200 423
[2020-10-08 11:42:53,758] [basehttp.py:154] [basehttp:log_message] [INFO]- "GET /static/admin/img/icon-addlink.svg HTTP/1.1" 200 331
[2020-10-08 11:42:53,758] [basehttp.py:154] [basehttp:log_message] [INFO]- "GET /static/admin/img/icon-changelink.svg HTTP/1.1" 200 380
[2020-10-08 11:42:53,796] [basehttp.py:154] [basehttp:log_message] [INFO]- "GET /static/admin/fonts/Roboto-Light-webfont.woff HTTP/1.1" 200 85692
[2020-10-08 11:42:53,796] [basehttp.py:154] [basehttp:log_message] [INFO]- "GET /static/admin/fonts/Roboto-Bold-webfont.woff HTTP/1.1" 200 86184
[2020-10-08 11:42:53,796] [basehttp.py:154] [basehttp:log_message] [INFO]- "GET /static/admin/fonts/Roboto-Regular-webfont.woff HTTP/1.1" 200 85876
[2020-10-08 11:42:58,088] [basehttp.py:154] [basehttp:log_message] [INFO]- "GET /admin/contents/post/ HTTP/1.1" 200 16003
[2020-10-08 11:42:58,118] [basehttp.py:154] [basehttp:log_message] [INFO]- "GET /static/admin/css/changelists.css HTTP/1.1" 200 6170
[2020-10-08 11:42:58,146] [basehttp.py:154] [basehttp:log_message] [INFO]- "GET /static/admin/js/jquery.init.js HTTP/1.1" 200 363
[2020-10-08 11:42:58,152] [basehttp.py:154] [basehttp:log_message] [INFO]- "GET /static/admin/js/admin/RelatedObjectLookups.js HTTP/1.1" 200 6918
[2020-10-08 11:42:58,153] [basehttp.py:154] [basehttp:log_message] [INFO]- "GET /static/admin/js/actions.js HTTP/1.1" 200 6766
[2020-10-08 11:42:58,153] [basehttp.py:154] [basehttp:log_message] [INFO]- "GET /static/admin/js/core.js HTTP/1.1" 200 7099
[2020-10-08 11:42:58,161] [basehttp.py:154] [basehttp:log_message] [INFO]- "GET /static/admin/js/urlify.js HTTP/1.1" 200 8941
[2020-10-08 11:42:58,167] [basehttp.py:154] [basehttp:log_message] [INFO]- "GET /static/admin/js/prepopulate.js HTTP/1.1" 200 1530
[2020-10-08 11:42:58,178] [basehttp.py:154] [basehttp:log_message] [INFO]- "GET /static/admin/js/vendor/jquery/jquery.js HTTP/1.1" 200 271817
[2020-10-08 11:42:58,180] [basehttp.py:154] [basehttp:log_message] [INFO]- "GET /static/admin/js/vendor/xregexp/xregexp.js HTTP/1.1" 200 128820
[2020-10-08 11:42:58,193] [basehttp.py:154] [basehttp:log_message] [INFO]- "GET /static/admin/img/search.svg HTTP/1.1" 200 458
[2020-10-08 11:42:58,206] [basehttp.py:154] [basehttp:log_message] [INFO]- "GET /static/admin/img/icon-no.svg HTTP/1.1" 200 560
[2020-10-08 11:42:58,218] [basehttp.py:154] [basehttp:log_message] [INFO]- "GET /static/admin/img/icon-yes.svg HTTP/1.1" 200 436
[2020-10-08 11:42:58,518] [basehttp.py:154] [basehttp:log_message] [INFO]- "GET /admin/jsi18n/ HTTP/1.1" 200 7722
[2020-10-08 11:42:58,566] [basehttp.py:154] [basehttp:log_message] [INFO]- "GET /static/admin/img/tooltag-add.svg HTTP/1.1" 200 331
[2020-10-08 11:42:58,569] [basehttp.py:154] [basehttp:log_message] [INFO]- "GET /static/admin/img/sorting-icons.svg HTTP/1.1" 200 1097
[2020-10-08 11:43:00,616] [log.py:228] [log:log_response] [ERROR]- Internal Server Error: /admin/contents/post/48/change/
Traceback (most recent call last):
  File "F:\Code\black\venv\lib\site-packages\django\core\handlers\exception.py", line 34, in inner
    response = get_response(request)
  File "F:\Code\black\venv\lib\site-packages\django\core\handlers\base.py", line 115, in _get_response
    response = self.process_exception_by_middleware(e, request)
  File "F:\Code\black\venv\lib\site-packages\django\core\handlers\base.py", line 113, in _get_response
    response = wrapped_callback(request, *callback_args, **callback_kwargs)
  File "F:\Code\black\venv\lib\site-packages\django\contrib\admin\options.py", line 606, in wrapper
    return self.admin_site.admin_view(view)(*args, **kwargs)
  File "F:\Code\black\venv\lib\site-packages\django\utils\decorators.py", line 142, in _wrapped_view
    response = view_func(request, *args, **kwargs)
  File "F:\Code\black\venv\lib\site-packages\django\views\decorators\cache.py", line 44, in _wrapped_view_func
    response = view_func(request, *args, **kwargs)
  File "F:\Code\black\venv\lib\site-packages\django\contrib\admin\sites.py", line 223, in inner
    return view(request, *args, **kwargs)
  File "F:\Code\black\venv\lib\site-packages\django\contrib\admin\options.py", line 1648, in change_view
    return self.changeform_view(request, object_id, form_url, extra_context)
  File "F:\Code\black\venv\lib\site-packages\django\utils\decorators.py", line 45, in _wrapper
    return bound_method(*args, **kwargs)
  File "F:\Code\black\venv\lib\site-packages\django\utils\decorators.py", line 142, in _wrapped_view
    response = view_func(request, *args, **kwargs)
  File "F:\Code\black\venv\lib\site-packages\django\contrib\admin\options.py", line 1529, in changeform_view
    return self._changeform_view(request, object_id, form_url, extra_context)
  File "F:\Code\black\venv\lib\site-packages\django\contrib\admin\options.py", line 1562, in _changeform_view
    ModelForm = self.get_form(request, obj, change=not add)
  File "F:\Code\black\venv\lib\site-packages\django\contrib\admin\options.py", line 705, in get_form
    return modelform_factory(self.model, **defaults)
  File "F:\Code\black\venv\lib\site-packages\django\forms\models.py", line 551, in modelform_factory
    return type(form)(class_name, (form,), form_class_attrs)
  File "F:\Code\black\venv\lib\site-packages\django\forms\models.py", line 256, in __new__
    apply_limit_choices_to=False,
  File "F:\Code\black\venv\lib\site-packages\django\forms\models.py", line 176, in fields_for_model
    formfield = formfield_callback(f, **kwargs)
  File "F:\Code\black\venv\lib\site-packages\django\contrib\admin\options.py", line 185, in formfield_for_dbfield
    return db_field.formfield(**kwargs)
  File "F:\Code\black\venv\lib\site-packages\mdeditor\fields.py", line 31, in formfield
    return super(MDTextField, self).formfield(**defaults)
  File "F:\Code\black\venv\lib\site-packages\django\db\models\fields\__init__.py", line 2102, in formfield
    **kwargs,
  File "F:\Code\black\venv\lib\site-packages\django\db\models\fields\__init__.py", line 897, in formfield
    return form_class(**defaults)
  File "F:\Code\black\venv\lib\site-packages\mdeditor\fields.py", line 13, in __init__
    'widget': MDEditorWidget(config_name=config_name)
  File "F:\Code\black\venv\lib\site-packages\mdeditor\widgets.py", line 28, in __init__
    self.config = MDConfig(config_name)
  File "F:\Code\black\venv\lib\site-packages\mdeditor\configs.py", line 40, in __init__
    self.set_configs(config_name)
  File "F:\Code\black\venv\lib\site-packages\mdeditor\configs.py", line 65, in set_configs
    config_name)
django.core.exceptions.ImproperlyConfigured: No configuration named 'default'                                     found in your CKEDITOR_CONFIGS setting.
[2020-10-08 11:43:00,621] [basehttp.py:154] [basehttp:log_message] [ERROR]- "GET /admin/contents/post/48/change/ HTTP/1.1" 500 182681
[2020-10-08 11:47:10,258] [autoreload.py:217] [autoreload:trigger_reload] [INFO]- F:\online\blog-api\blogapi\settings.py changed, reloading.
[2020-10-08 11:47:11,673] [autoreload.py:597] [autoreload:run_with_reloader] [INFO]- Watching for file changes with StatReloader
[2020-10-08 11:47:17,100] [basehttp.py:154] [basehttp:log_message] [INFO]- "GET /admin/contents/post/48/change/ HTTP/1.1" 200 19389
[2020-10-08 11:47:17,147] [basehttp.py:154] [basehttp:log_message] [INFO]- "GET /static/admin/css/forms.css HTTP/1.1" 200 8518
[2020-10-08 11:47:17,148] [basehttp.py:154] [basehttp:log_message] [INFO]- "GET /static/mdeditor/css/editormd.css HTTP/1.1" 200 78173
[2020-10-08 11:47:17,178] [basehttp.py:154] [basehttp:log_message] [INFO]- "GET /static/admin/js/SelectBox.js HTTP/1.1" 200 5753
[2020-10-08 11:47:17,178] [basehttp.py:154] [basehttp:log_message] [INFO]- "GET /static/admin/js/calendar.js HTTP/1.1" 200 7777
[2020-10-08 11:47:17,181] [basehttp.py:154] [basehttp:log_message] [INFO]- "GET /static/admin/js/admin/DateTimeShortcuts.js HTTP/1.1" 200 20218
[2020-10-08 11:47:17,191] [basehttp.py:154] [basehttp:log_message] [INFO]- "GET /static/admin/css/widgets.css HTTP/1.1" 200 10340
[2020-10-08 11:47:17,196] [basehttp.py:154] [basehttp:log_message] [INFO]- "GET /static/admin/js/SelectFilter2.js HTTP/1.1" 200 12322
[2020-10-08 11:47:17,207] [basehttp.py:154] [basehttp:log_message] [INFO]- "GET /static/mdeditor/js/jquery.min.js HTTP/1.1" 200 95870
[2020-10-08 11:47:17,386] [basehttp.py:154] [basehttp:log_message] [INFO]- "GET /static/mdeditor/js/editormd.min.js HTTP/1.1" 200 42424
[2020-10-08 11:47:17,399] [basehttp.py:154] [basehttp:log_message] [INFO]- "GET /static/admin/js/change_form.js HTTP/1.1" 200 712
[2020-10-08 11:47:17,411] [basehttp.py:154] [basehttp:log_message] [INFO]- "GET /static/admin/js/prepopulate_init.js HTTP/1.1" 200 495
[2020-10-08 11:47:17,429] [basehttp.py:154] [basehttp:log_message] [INFO]- "GET /static/admin/img/icon-deletelink.svg HTTP/1.1" 200 392
[2020-10-08 11:47:17,597] [basehttp.py:154] [basehttp:log_message] [INFO]- "GET /admin/jsi18n/ HTTP/1.1" 200 7722
[2020-10-08 11:47:17,677] [basehttp.py:154] [basehttp:log_message] [INFO]- "GET /static/admin/img/tooltag-arrowright.svg HTTP/1.1" 200 280
[2020-10-08 11:47:17,734] [basehttp.py:154] [basehttp:log_message] [INFO]- "GET /static/mdeditor/js/lib/codemirror/addon/dialog/dialog.css HTTP/1.1" 200 502
[2020-10-08 11:47:17,734] [basehttp.py:154] [basehttp:log_message] [INFO]- "GET /static/mdeditor/js/lib/codemirror/addon/search/matchesonscrollbar.css HTTP/1.1" 200 188
[2020-10-08 11:47:17,734] [basehttp.py:154] [basehttp:log_message] [INFO]- "GET /static/mdeditor/images/loading.gif HTTP/1.1" 200 7726
[2020-10-08 11:47:17,734] [basehttp.py:154] [basehttp:log_message] [INFO]- "GET /static/mdeditor/js/lib/codemirror/codemirror.min.css HTTP/1.1" 200 5312
[2020-10-08 11:47:17,821] [basehttp.py:154] [basehttp:log_message] [INFO]- "GET /static/mdeditor/js/lib/codemirror/codemirror.min.js HTTP/1.1" 200 221231
[2020-10-08 11:47:17,868] [basehttp.py:154] [basehttp:log_message] [INFO]- "GET /static/mdeditor/js/lib/codemirror/modes.min.js HTTP/1.1" 200 205435
[2020-10-08 11:47:17,901] [basehttp.py:154] [basehttp:log_message] [INFO]- "GET /static/mdeditor/js/lib/codemirror/addons.min.js HTTP/1.1" 200 39221
[2020-10-08 11:47:18,015] [basehttp.py:154] [basehttp:log_message] [INFO]- "GET /static/mdeditor/js/lib/marked.min.js HTTP/1.1" 200 19256
[2020-10-08 11:47:18,057] [basehttp.py:154] [basehttp:log_message] [INFO]- "GET /static/mdeditor/fonts/fontawesome-webfont.woff2?v=4.3.0 HTTP/1.1" 200 56780
[2020-10-08 11:47:18,066] [basehttp.py:154] [basehttp:log_message] [INFO]- "GET /static/mdeditor/js/lib/prettify.min.js HTTP/1.1" 200 17973
[2020-10-08 11:47:18,112] [basehttp.py:154] [basehttp:log_message] [INFO]- "GET /static/mdeditor/js/lib/raphael.min.js HTTP/1.1" 200 92705
[2020-10-08 11:47:18,140] [basehttp.py:154] [basehttp:log_message] [INFO]- "GET /static/mdeditor/js/lib/underscore.min.js HTTP/1.1" 200 16487
[2020-10-08 11:47:18,165] [basehttp.py:154] [basehttp:log_message] [INFO]- "GET /static/mdeditor/js/lib/flowchart.min.js HTTP/1.1" 200 19807
[2020-10-08 11:47:18,183] [basehttp.py:154] [basehttp:log_message] [INFO]- "GET /static/mdeditor/js/lib/jquery.flowchart.min.js HTTP/1.1" 200 1396
[2020-10-08 11:47:18,208] [basehttp.py:154] [basehttp:log_message] [INFO]- "GET /static/mdeditor/js/lib/sequence-diagram.min.js HTTP/1.1" 200 87695
[2020-10-08 11:47:22,489] [log.py:228] [log:log_response] [WARNING]- Not Found: /media/group1/M00/00/01/Co0c9V8XaRGAaxgGAADwVmhtl_8110.jpg
[2020-10-08 11:47:22,489] [basehttp.py:154] [basehttp:log_message] [WARNING]- "GET /media/group1/M00/00/01/Co0c9V8XaRGAaxgGAADwVmhtl_8110.jpg HTTP/1.1" 404 11272
[2020-10-08 11:47:25,410] [basehttp.py:154] [basehttp:log_message] [INFO]- "GET /admin/contents/post/48/change/ HTTP/1.1" 200 19389
[2020-10-08 11:47:33,244] [basehttp.py:154] [basehttp:log_message] [INFO]- "GET /static/admin/img/icon-unknown.svg HTTP/1.1" 200 655
[2020-10-08 11:47:33,244] [basehttp.py:154] [basehttp:log_message] [INFO]- "GET /static/admin/img/icon-calendar.svg HTTP/1.1" 200 1086
[2020-10-08 11:47:33,245] [basehttp.py:154] [basehttp:log_message] [INFO]- "GET /static/admin/img/selector-icons.svg HTTP/1.1" 200 3291
[2020-10-08 11:47:33,246] [basehttp.py:154] [basehttp:log_message] [INFO]- "GET /static/admin/img/icon-clock.svg HTTP/1.1" 200 677
[2020-10-08 11:47:33,246] [basehttp.py:154] [basehttp:log_message] [INFO]- "GET /static/admin/img/icon-unknown-alt.svg HTTP/1.1" 200 655
[2020-10-08 11:48:10,919] [basehttp.py:154] [basehttp:log_message] [INFO]- "POST /admin/contents/post/48/change/ HTTP/1.1" 302 0
[2020-10-08 11:48:11,702] [basehttp.py:154] [basehttp:log_message] [INFO]- "GET /admin/contents/post/ HTTP/1.1" 200 16180
[2020-10-08 11:48:12,146] [basehttp.py:154] [basehttp:log_message] [INFO]- "GET /admin/jsi18n/ HTTP/1.1" 200 7722
[2020-10-08 11:48:50,175] [basehttp.py:154] [basehttp:log_message] [INFO]- "GET /admin/contents/post/44/change/ HTTP/1.1" 200 20640
[2020-10-08 11:48:50,684] [basehttp.py:154] [basehttp:log_message] [INFO]- "GET /admin/jsi18n/ HTTP/1.1" 200 7722
[2020-10-08 11:48:58,128] [basehttp.py:154] [basehttp:log_message] [INFO]- "POST /admin/contents/post/44/change/ HTTP/1.1" 302 0
[2020-10-08 11:48:58,927] [basehttp.py:154] [basehttp:log_message] [INFO]- "GET /admin/contents/post/ HTTP/1.1" 200 16180
[2020-10-08 11:48:59,362] [basehttp.py:154] [basehttp:log_message] [INFO]- "GET /admin/jsi18n/ HTTP/1.1" 200 7722
[2020-10-08 11:52:21,212] [basehttp.py:154] [basehttp:log_message] [INFO]- "GET /admin/contents/post/48/change/ HTTP/1.1" 200 19383
[2020-10-08 11:52:21,664] [basehttp.py:154] [basehttp:log_message] [INFO]- "GET /admin/jsi18n/ HTTP/1.1" 200 7722
[2020-10-08 11:52:21,956] [log.py:228] [log:log_response] [WARNING]- Not Found: /favicon.ico
[2020-10-08 11:52:21,957] [basehttp.py:154] [basehttp:log_message] [WARNING]- "GET /favicon.ico HTTP/1.1" 404 11134
[2020-10-08 11:52:26,535] [log.py:228] [log:log_response] [WARNING]- Not Found: /media/post/2020/10/08/u26901311741078911802fm26gp0.jpg
[2020-10-08 11:52:26,536] [basehttp.py:154] [basehttp:log_message] [WARNING]- "GET /media/post/2020/10/08/u26901311741078911802fm26gp0.jpg HTTP/1.1" 404 11263
[2020-10-08 11:52:53,162] [autoreload.py:217] [autoreload:trigger_reload] [INFO]- F:\online\blog-api\blogapi\urls.py changed, reloading.
[2020-10-08 11:52:54,570] [autoreload.py:597] [autoreload:run_with_reloader] [INFO]- Watching for file changes with StatReloader
[2020-10-08 11:52:58,182] [basehttp.py:154] [basehttp:log_message] [INFO]- "GET /media/post/2020/10/08/u26901311741078911802fm26gp0.jpg HTTP/1.1" 200 39076
[2020-10-08 11:53:01,392] [basehttp.py:154] [basehttp:log_message] [INFO]- "GET /admin/contents/post/48/change/ HTTP/1.1" 200 19383
[2020-10-08 12:25:23,497] [basehttp.py:154] [basehttp:log_message] [INFO]- "GET /siteinfo/ HTTP/1.1" 200 19604
[2020-10-08 12:25:23,550] [basehttp.py:154] [basehttp:log_message] [INFO]- "GET /static/rest_framework/css/default.css HTTP/1.1" 200 1131
[2020-10-08 12:25:23,551] [basehttp.py:154] [basehttp:log_message] [INFO]- "GET /static/rest_framework/css/prettify.css HTTP/1.1" 200 817
[2020-10-08 12:25:23,551] [basehttp.py:154] [basehttp:log_message] [INFO]- "GET /static/rest_framework/css/bootstrap-tweaks.css HTTP/1.1" 200 3385
[2020-10-08 12:25:23,553] [basehttp.py:154] [basehttp:log_message] [INFO]- "GET /static/rest_framework/css/bootstrap.min.css HTTP/1.1" 200 121457
[2020-10-08 12:25:23,575] [basehttp.py:154] [basehttp:log_message] [INFO]- "GET /static/rest_framework/js/csrf.js HTTP/1.1" 200 1719
[2020-10-08 12:25:23,575] [basehttp.py:154] [basehttp:log_message] [INFO]- "GET /static/rest_framework/js/ajax-form.js HTTP/1.1" 200 3597
[2020-10-08 12:25:23,576] [basehttp.py:154] [basehttp:log_message] [INFO]- "GET /static/rest_framework/js/default.js HTTP/1.1" 200 1268
[2020-10-08 12:25:23,579] [basehttp.py:154] [basehttp:log_message] [INFO]- "GET /static/rest_framework/js/prettify-min.js HTTP/1.1" 200 13632
[2020-10-08 12:25:23,584] [basehttp.py:154] [basehttp:log_message] [INFO]- "GET /static/rest_framework/js/bootstrap.min.js HTTP/1.1" 200 39680
[2020-10-08 12:25:23,598] [basehttp.py:154] [basehttp:log_message] [INFO]- "GET /static/rest_framework/js/jquery-3.4.1.min.js HTTP/1.1" 200 88145
[2020-10-08 12:25:23,630] [basehttp.py:154] [basehttp:log_message] [INFO]- "GET /static/rest_framework/img/grid.png HTTP/1.1" 200 1458
[2020-10-08 12:25:23,685] [basehttp.py:154] [basehttp:log_message] [INFO]- "GET /static/rest_framework/fonts/glyphicons-halflings-regular.woff2 HTTP/1.1" 200 18028
[2020-10-08 14:55:30,679] [autoreload.py:597] [autoreload:run_with_reloader] [INFO]- Watching for file changes with StatReloader
[2020-10-08 14:55:52,324] [log.py:228] [log:log_response] [ERROR]- Internal Server Error: /admin/contents/post/48/change/
Traceback (most recent call last):
  File "F:\Code\black\venv\lib\site-packages\django\core\handlers\exception.py", line 34, in inner
    response = get_response(request)
  File "F:\Code\black\venv\lib\site-packages\django\core\handlers\base.py", line 115, in _get_response
    response = self.process_exception_by_middleware(e, request)
  File "F:\Code\black\venv\lib\site-packages\django\core\handlers\base.py", line 113, in _get_response
    response = wrapped_callback(request, *callback_args, **callback_kwargs)
  File "F:\Code\black\venv\lib\site-packages\django\contrib\admin\options.py", line 606, in wrapper
    return self.admin_site.admin_view(view)(*args, **kwargs)
  File "F:\Code\black\venv\lib\site-packages\django\utils\decorators.py", line 142, in _wrapped_view
    response = view_func(request, *args, **kwargs)
  File "F:\Code\black\venv\lib\site-packages\django\views\decorators\cache.py", line 44, in _wrapped_view_func
    response = view_func(request, *args, **kwargs)
  File "F:\Code\black\venv\lib\site-packages\django\contrib\admin\sites.py", line 223, in inner
    return view(request, *args, **kwargs)
  File "F:\Code\black\venv\lib\site-packages\django\contrib\admin\options.py", line 1648, in change_view
    return self.changeform_view(request, object_id, form_url, extra_context)
  File "F:\Code\black\venv\lib\site-packages\django\utils\decorators.py", line 45, in _wrapper
    return bound_method(*args, **kwargs)
  File "F:\Code\black\venv\lib\site-packages\django\utils\decorators.py", line 142, in _wrapped_view
    response = view_func(request, *args, **kwargs)
  File "F:\Code\black\venv\lib\site-packages\django\contrib\admin\options.py", line 1529, in changeform_view
    return self._changeform_view(request, object_id, form_url, extra_context)
  File "F:\Code\black\venv\lib\site-packages\django\contrib\admin\options.py", line 1572, in _changeform_view
    self.save_model(request, new_object, form, not add)
  File "F:\Code\black\venv\lib\site-packages\django\contrib\admin\options.py", line 1088, in save_model
    obj.save()
  File "F:\Code\black\venv\lib\site-packages\django\db\models\base.py", line 741, in save
    force_update=force_update, update_fields=update_fields)
  File "F:\Code\black\venv\lib\site-packages\django\db\models\base.py", line 779, in save_base
    force_update, using, update_fields,
  File "F:\Code\black\venv\lib\site-packages\django\db\models\base.py", line 848, in _save_table
    for f in non_pks]
  File "F:\Code\black\venv\lib\site-packages\django\db\models\base.py", line 848, in <listcomp>
    for f in non_pks]
  File "F:\Code\black\venv\lib\site-packages\django\db\models\fields\files.py", line 288, in pre_save
    file.save(file.name, file.file, save=False)
  File "F:\Code\black\venv\lib\site-packages\django\db\models\fields\files.py", line 86, in save
    name = self.field.generate_filename(self.instance, name)
  File "F:\Code\black\venv\lib\site-packages\django\db\models\fields\files.py", line 307, in generate_filename
    return self.storage.generate_filename(filename)
  File "F:\Code\black\venv\lib\site-packages\django\utils\functional.py", line 256, in inner
    self._setup()
  File "F:\Code\black\venv\lib\site-packages\django\core\files\storage.py", line 363, in _setup
    self._wrapped = get_storage_class()()
  File "F:\online\blog-api\apps\utils\oschina.py", line 20, in __init__
    base_url = settings.FDFS_URL
  File "F:\Code\black\venv\lib\site-packages\django\conf\__init__.py", line 80, in __getattr__
    val = getattr(self._wrapped, name)
AttributeError: 'Settings' object has no attribute 'FDFS_URL'
[2020-10-08 14:55:52,330] [basehttp.py:154] [basehttp:log_message] [ERROR]- "POST /admin/contents/post/48/change/ HTTP/1.1" 500 176134
[2020-10-08 14:56:19,510] [autoreload.py:217] [autoreload:trigger_reload] [INFO]- F:\online\blog-api\apps\utils\oschina.py changed, reloading.
[2020-10-08 14:56:20,952] [autoreload.py:597] [autoreload:run_with_reloader] [INFO]- Watching for file changes with StatReloader
[2020-10-08 14:56:43,035] [basehttp.py:154] [basehttp:log_message] [INFO]- "GET /admin/contents/post/48/change/ HTTP/1.1" 200 19376
[2020-10-08 14:56:45,141] [basehttp.py:154] [basehttp:log_message] [INFO]- "GET /admin/contents/post/48/change/ HTTP/1.1" 200 19376
[2020-10-08 14:56:45,555] [basehttp.py:154] [basehttp:log_message] [INFO]- "GET /admin/jsi18n/ HTTP/1.1" 200 7722
[2020-10-08 14:56:53,914] [basehttp.py:154] [basehttp:log_message] [INFO]- "POST /admin/contents/post/48/change/ HTTP/1.1" 302 0
[2020-10-08 14:56:54,723] [basehttp.py:154] [basehttp:log_message] [INFO]- "GET /admin/contents/post/ HTTP/1.1" 200 16180
[2020-10-08 14:56:55,157] [basehttp.py:154] [basehttp:log_message] [INFO]- "GET /admin/jsi18n/ HTTP/1.1" 200 7722
[2020-10-08 14:57:18,842] [basehttp.py:154] [basehttp:log_message] [INFO]- "GET /admin/contents/post/48/change/ HTTP/1.1" 200 19432
[2020-10-08 14:57:19,266] [basehttp.py:154] [basehttp:log_message] [INFO]- "GET /admin/jsi18n/ HTTP/1.1" 200 7722
[2020-10-08 14:57:27,641] [basehttp.py:154] [basehttp:log_message] [INFO]- "GET /admin/contents/post/ HTTP/1.1" 200 16003
[2020-10-08 14:57:31,059] [basehttp.py:154] [basehttp:log_message] [INFO]- "GET /admin/contents/post/44/change/ HTTP/1.1" 200 20643
[2020-10-08 14:57:31,481] [basehttp.py:154] [basehttp:log_message] [INFO]- "GET /admin/jsi18n/ HTTP/1.1" 200 7722
[2020-10-08 14:57:39,089] [basehttp.py:154] [basehttp:log_message] [INFO]- "POST /admin/contents/post/44/change/ HTTP/1.1" 302 0
[2020-10-08 14:57:39,844] [basehttp.py:154] [basehttp:log_message] [INFO]- "GET /admin/contents/post/ HTTP/1.1" 200 16180
[2020-10-08 14:57:40,256] [basehttp.py:154] [basehttp:log_message] [INFO]- "GET /admin/jsi18n/ HTTP/1.1" 200 7722
[2020-10-08 15:00:33,907] [autoreload.py:217] [autoreload:trigger_reload] [INFO]- F:\online\blog-api\apps\utils\oschina.py changed, reloading.
[2020-10-08 15:00:35,332] [autoreload.py:597] [autoreload:run_with_reloader] [INFO]- Watching for file changes with StatReloader
[2020-10-08 15:03:24,504] [autoreload.py:597] [autoreload:run_with_reloader] [INFO]- Watching for file changes with StatReloader
[2020-10-08 15:03:44,876] [basehttp.py:154] [basehttp:log_message] [INFO]- "GET / HTTP/1.1" 200 11216
[2020-10-08 15:03:55,175] [basehttp.py:154] [basehttp:log_message] [INFO]- "GET /posts/ HTTP/1.1" 200 146840
[2020-10-08 15:04:14,352] [basehttp.py:154] [basehttp:log_message] [INFO]- "GET /posts/?page=3 HTTP/1.1" 200 23971
[2020-10-08 15:07:05,635] [autoreload.py:217] [autoreload:trigger_reload] [INFO]- F:\online\blog-api\blogapi\settings.py changed, reloading.
[2020-10-08 15:07:07,086] [autoreload.py:597] [autoreload:run_with_reloader] [INFO]- Watching for file changes with StatReloader
